<?xml version="1.0" encoding="UTF-8"?>
<coverage generated="1547217405949" clover="3.2.0">
  <project timestamp="1547217405949" name="All files">
    <metrics statements="100" coveredstatements="80" conditionals="38" coveredconditionals="27" methods="50" coveredmethods="36" elements="188" coveredelements="143" complexity="0" loc="100" ncloc="100" packages="5" files="11" classes="11">
      <package name="react-webpack">
        <metrics statements="1" coveredstatements="1" conditionals="0" coveredconditionals="0" methods="0" coveredmethods="0"/>
        <file name="enzyme.config.js" path="/home/jefferson/boilerplates/react-webpack/enzyme.config.js">
          <metrics statements="1" coveredstatements="1" conditionals="0" coveredconditionals="0" methods="0" coveredmethods="0"/>
          <line num="5" count="9" type="stmt"/>
        </file>
      </package>
      <package name="react-webpack.src">
        <metrics statements="9" coveredstatements="7" conditionals="2" coveredconditionals="0" methods="6" coveredmethods="4"/>
        <file name="App.js" path="/home/jefferson/boilerplates/react-webpack/src/App.js">
          <metrics statements="9" coveredstatements="7" conditionals="2" coveredconditionals="0" methods="6" coveredmethods="4"/>
          <line num="17" count="1" type="stmt"/>
          <line num="18" count="1" type="stmt"/>
          <line num="29" count="1" type="stmt"/>
          <line num="31" count="1" type="stmt"/>
          <line num="37" count="1" type="stmt"/>
          <line num="51" count="1" type="stmt"/>
          <line num="53" count="1" type="stmt"/>
          <line num="57" count="0" type="cond" truecount="0" falsecount="2"/>
          <line num="67" count="0" type="stmt"/>
        </file>
      </package>
      <package name="react-webpack.src.components">
        <metrics statements="15" coveredstatements="0" conditionals="4" coveredconditionals="0" methods="9" coveredmethods="0"/>
        <file name="Reservation.js" path="/home/jefferson/boilerplates/react-webpack/src/components/Reservation.js">
          <metrics statements="15" coveredstatements="0" conditionals="4" coveredconditionals="0" methods="9" coveredmethods="0"/>
          <line num="12" count="0" type="stmt"/>
          <line num="14" count="0" type="stmt"/>
          <line num="56" count="0" type="stmt"/>
          <line num="57" count="0" type="stmt"/>
          <line num="62" count="0" type="stmt"/>
          <line num="64" count="0" type="cond" truecount="0" falsecount="2"/>
          <line num="69" count="0" type="stmt"/>
          <line num="73" count="0" type="stmt"/>
          <line num="75" count="0" type="cond" truecount="0" falsecount="2"/>
          <line num="79" count="0" type="stmt"/>
          <line num="83" count="0" type="stmt"/>
          <line num="90" count="0" type="stmt"/>
          <line num="94" count="0" type="stmt"/>
          <line num="102" count="0" type="stmt"/>
          <line num="108" count="0" type="stmt"/>
        </file>
      </package>
      <package name="react-webpack.src.components.forms.FormGoup">
        <metrics statements="69" coveredstatements="66" conditionals="30" coveredconditionals="26" methods="34" coveredmethods="31"/>
        <file name="DebugForm.js" path="/home/jefferson/boilerplates/react-webpack/src/components/forms/FormGoup/DebugForm.js">
          <metrics statements="2" coveredstatements="2" conditionals="0" coveredconditionals="0" methods="1" coveredmethods="1"/>
          <line num="3" count="1" type="stmt"/>
          <line num="4" count="1" type="stmt"/>
        </file>
        <file name="ErrorMessage.js" path="/home/jefferson/boilerplates/react-webpack/src/components/forms/FormGoup/ErrorMessage.js">
          <metrics statements="3" coveredstatements="3" conditionals="4" coveredconditionals="4" methods="1" coveredmethods="1"/>
          <line num="4" count="4" type="stmt"/>
          <line num="6" count="20" type="stmt"/>
          <line num="8" count="20" type="stmt"/>
        </file>
        <file name="Form.js" path="/home/jefferson/boilerplates/react-webpack/src/components/forms/FormGoup/Form.js">
          <metrics statements="2" coveredstatements="2" conditionals="0" coveredconditionals="0" methods="1" coveredmethods="1"/>
          <line num="3" count="4" type="stmt"/>
          <line num="4" count="19" type="stmt"/>
        </file>
        <file name="FormGoup.js" path="/home/jefferson/boilerplates/react-webpack/src/components/forms/FormGoup/FormGoup.js">
          <metrics statements="27" coveredstatements="25" conditionals="8" coveredconditionals="6" methods="11" coveredmethods="10"/>
          <line num="15" count="9" type="stmt"/>
          <line num="17" count="9" type="stmt"/>
          <line num="26" count="6" type="stmt"/>
          <line num="29" count="6" type="stmt"/>
          <line num="31" count="6" type="stmt"/>
          <line num="36" count="6" type="cond" truecount="2" falsecount="0"/>
          <line num="37" count="1" type="stmt"/>
          <line num="38" count="1" type="stmt"/>
          <line num="44" count="5" type="stmt"/>
          <line num="54" count="2" type="stmt"/>
          <line num="56" count="2" type="stmt"/>
          <line num="57" count="2" type="stmt"/>
          <line num="59" count="2" type="stmt"/>
          <line num="60" count="2" type="stmt"/>
          <line num="75" count="3" type="cond" truecount="1" falsecount="1"/>
          <line num="76" count="0" type="stmt"/>
          <line num="79" count="3" type="stmt"/>
          <line num="80" count="3" type="stmt"/>
          <line num="82" count="3" type="stmt"/>
          <line num="91" count="2" type="stmt"/>
          <line num="93" count="2" type="stmt"/>
          <line num="95" count="2" type="cond" truecount="2" falsecount="0"/>
          <line num="96" count="1" type="stmt"/>
          <line num="100" count="1" type="stmt"/>
          <line num="108" count="0" type="stmt"/>
          <line num="115" count="18" type="stmt"/>
          <line num="126" count="3" type="stmt"/>
        </file>
        <file name="InputField.js" path="/home/jefferson/boilerplates/react-webpack/src/components/forms/FormGoup/InputField.js">
          <metrics statements="3" coveredstatements="3" conditionals="8" coveredconditionals="8" methods="2" coveredmethods="2"/>
          <line num="4" count="7" type="stmt"/>
          <line num="6" count="43" type="stmt"/>
          <line num="14" count="10" type="cond" truecount="2" falsecount="0"/>
        </file>
        <file name="InputFieldArray.js" path="/home/jefferson/boilerplates/react-webpack/src/components/forms/FormGoup/InputFieldArray.js">
          <metrics statements="21" coveredstatements="20" conditionals="8" coveredconditionals="6" methods="12" coveredmethods="11"/>
          <line num="7" count="2" type="stmt"/>
          <line num="10" count="2" type="stmt"/>
          <line num="11" count="4" type="stmt"/>
          <line num="12" count="4" type="stmt"/>
          <line num="14" count="4" type="cond" truecount="2" falsecount="0"/>
          <line num="15" count="2" type="stmt"/>
          <line num="21" count="2" type="stmt"/>
          <line num="26" count="2" type="stmt"/>
          <line num="40" count="6" type="stmt"/>
          <line num="41" count="18" type="stmt"/>
          <line num="43" count="18" type="stmt"/>
          <line num="45" count="6" type="stmt"/>
          <line num="56" count="22" type="cond" truecount="1" falsecount="1"/>
          <line num="57" count="0" type="stmt"/>
          <line num="60" count="22" type="stmt"/>
          <line num="62" count="22" type="cond" truecount="1" falsecount="1"/>
          <line num="65" count="12" type="stmt"/>
          <line num="67" count="28" type="stmt"/>
          <line num="69" count="28" type="stmt"/>
          <line num="76" count="22" type="stmt"/>
          <line num="83" count="22" type="stmt"/>
        </file>
        <file name="InputFieldGroup.js" path="/home/jefferson/boilerplates/react-webpack/src/components/forms/FormGoup/InputFieldGroup.js">
          <metrics statements="11" coveredstatements="11" conditionals="2" coveredconditionals="2" methods="6" coveredmethods="5"/>
          <line num="10" count="4" type="stmt"/>
          <line num="11" count="4" type="stmt"/>
          <line num="12" count="4" type="stmt"/>
          <line num="14" count="4" type="stmt"/>
          <line num="22" count="4" type="stmt"/>
          <line num="24" count="4" type="stmt"/>
          <line num="38" count="4" type="stmt"/>
          <line num="40" count="4" type="stmt"/>
          <line num="42" count="8" type="stmt"/>
          <line num="44" count="8" type="stmt"/>
          <line num="47" count="4" type="stmt"/>
        </file>
      </package>
      <package name="react-webpack.src.components.forms.FormGoup.utils">
        <metrics statements="6" coveredstatements="6" conditionals="2" coveredconditionals="1" methods="1" coveredmethods="1"/>
        <file name="InputEventValue.js" path="/home/jefferson/boilerplates/react-webpack/src/components/forms/FormGoup/utils/InputEventValue.js">
          <metrics statements="6" coveredstatements="6" conditionals="2" coveredconditionals="1" methods="1" coveredmethods="1"/>
          <line num="1" count="6" type="stmt"/>
          <line num="2" count="12" type="stmt"/>
          <line num="4" count="12" type="stmt"/>
          <line num="5" count="12" type="stmt"/>
          <line num="7" count="12" type="cond" truecount="1" falsecount="1"/>
          <line num="11" count="12" type="stmt"/>
        </file>
      </package>
    </metrics>
  </project>
</coverage>
