{"/home/jefferson/boilerplates/react-webpack/src/App.js": {"path":"/home/jefferson/boilerplates/react-webpack/src/App.js","statementMap":{"0":{"start":{"line":6,"column":14},"end":{"line":6,"column":55}},"1":{"start":{"line":11,"column":4},"end":{"line":16,"column":6}}},"fnMap":{"0":{"name":"(anonymous_0)","decl":{"start":{"line":10,"column":2},"end":{"line":10,"column":3}},"loc":{"start":{"line":10,"column":11},"end":{"line":17,"column":3}},"line":10}},"branchMap":{},"s":{"0":1,"1":1},"f":{"0":1},"b":{},"_coverageSchema":"332fd63041d2c1bcb487cc26dd0d5f7d97098a6c","hash":"daef760bd1eb2c89967a74f6f64447cea7aee50d"}
,"/home/jefferson/boilerplates/react-webpack/src/Person.js": {"path":"/home/jefferson/boilerplates/react-webpack/src/Person.js","statementMap":{"0":{"start":{"line":7,"column":4},"end":{"line":7,"column":17}},"1":{"start":{"line":8,"column":4},"end":{"line":17,"column":5}},"2":{"start":{"line":21,"column":4},"end":{"line":21,"column":32}},"3":{"start":{"line":23,"column":4},"end":{"line":30,"column":6}},"4":{"start":{"line":24,"column":6},"end":{"line":29,"column":7}},"5":{"start":{"line":32,"column":4},"end":{"line":32,"column":17}},"6":{"start":{"line":36,"column":26},"end":{"line":36,"column":36}},"7":{"start":{"line":37,"column":33},"end":{"line":37,"column":53}},"8":{"start":{"line":38,"column":21},"end":{"line":38,"column":39}},"9":{"start":{"line":39,"column":4},"end":{"line":55,"column":6}},"10":{"start":{"line":44,"column":31},"end":{"line":44,"column":46}}},"fnMap":{"0":{"name":"(anonymous_0)","decl":{"start":{"line":6,"column":2},"end":{"line":6,"column":3}},"loc":{"start":{"line":6,"column":21},"end":{"line":18,"column":3}},"line":6},"1":{"name":"(anonymous_1)","decl":{"start":{"line":20,"column":9},"end":{"line":20,"column":10}},"loc":{"start":{"line":20,"column":19},"end":{"line":33,"column":3}},"line":20},"2":{"name":"(anonymous_2)","decl":{"start":{"line":23,"column":18},"end":{"line":23,"column":19}},"loc":{"start":{"line":23,"column":31},"end":{"line":30,"column":5}},"line":23},"3":{"name":"(anonymous_3)","decl":{"start":{"line":35,"column":2},"end":{"line":35,"column":3}},"loc":{"start":{"line":35,"column":11},"end":{"line":56,"column":3}},"line":35},"4":{"name":"(anonymous_4)","decl":{"start":{"line":44,"column":25},"end":{"line":44,"column":26}},"loc":{"start":{"line":44,"column":31},"end":{"line":44,"column":46}},"line":44}},"branchMap":{},"s":{"0":1,"1":1,"2":0,"3":0,"4":0,"5":0,"6":1,"7":1,"8":1,"9":1,"10":0},"f":{"0":1,"1":0,"2":0,"3":1,"4":0},"b":{},"_coverageSchema":"332fd63041d2c1bcb487cc26dd0d5f7d97098a6c","hash":"cab4429115f384946459dd8212c30bdc100f58d0"}
}
