TN:
SF:/home/jefferson/boilerplates/react-webpack/enzyme.config.js
FNF:0
FNH:0
DA:5,2
LF:1
LH:1
BRF:0
BRH:0
end_of_record
TN:
SF:/home/jefferson/boilerplates/react-webpack/src/App.js
FN:16,(anonymous_0)
FN:28,(anonymous_1)
FN:35,(anonymous_2)
FN:51,(anonymous_3)
FN:57,(anonymous_4)
FN:68,(anonymous_5)
FNF:6
FNH:4
FNDA:1,(anonymous_0)
FNDA:1,(anonymous_1)
FNDA:1,(anonymous_2)
FNDA:1,(anonymous_3)
FNDA:0,(anonymous_4)
FNDA:0,(anonymous_5)
DA:17,1
DA:18,1
DA:29,1
DA:31,1
DA:36,1
DA:38,1
DA:52,1
DA:54,1
DA:58,0
DA:68,0
LF:10
LH:8
BRDA:58,0,0,0
BRDA:58,0,1,0
BRF:2
BRH:0
end_of_record
TN:
SF:/home/jefferson/boilerplates/react-webpack/src/components/Reservation.js
FN:11,(anonymous_0)
FN:55,(anonymous_1)
FN:61,(anonymous_2)
FN:72,(anonymous_3)
FN:82,(anonymous_4)
FN:89,(anonymous_5)
FN:92,(anonymous_6)
FNF:7
FNH:0
FNDA:0,(anonymous_0)
FNDA:0,(anonymous_1)
FNDA:0,(anonymous_2)
FNDA:0,(anonymous_3)
FNDA:0,(anonymous_4)
FNDA:0,(anonymous_5)
FNDA:0,(anonymous_6)
DA:12,0
DA:14,0
DA:56,0
DA:57,0
DA:62,0
DA:64,0
DA:69,0
DA:73,0
DA:75,0
DA:79,0
DA:83,0
DA:90,0
DA:94,0
LF:13
LH:0
BRDA:64,0,0,0
BRDA:64,0,1,0
BRDA:75,1,0,0
BRDA:75,1,1,0
BRF:4
BRH:0
end_of_record
TN:
SF:/home/jefferson/boilerplates/react-webpack/src/components/forms/FormGoup/DebugForm.js
FN:3,(anonymous_0)
FNF:1
FNH:1
FNDA:1,(anonymous_0)
DA:3,1
DA:4,1
LF:2
LH:2
BRF:0
BRH:0
end_of_record
TN:
SF:/home/jefferson/boilerplates/react-webpack/src/components/forms/FormGoup/ErrorMessage.js
FN:4,(anonymous_0)
FNF:1
FNH:1
FNDA:1,(anonymous_0)
DA:4,1
DA:6,1
DA:8,1
LF:3
LH:3
BRDA:10,0,0,1
BRDA:10,0,1,0
BRDA:10,0,2,0
BRDA:10,0,3,0
BRF:4
BRH:1
end_of_record
TN:
SF:/home/jefferson/boilerplates/react-webpack/src/components/forms/FormGoup/Form.js
FN:3,(anonymous_0)
FNF:1
FNH:1
FNDA:1,(anonymous_0)
DA:3,1
DA:4,1
LF:2
LH:2
BRF:0
BRH:0
end_of_record
TN:
SF:/home/jefferson/boilerplates/react-webpack/src/components/forms/FormGoup/FormGoup.js
FN:14,(anonymous_0)
FN:25,(anonymous_1)
FN:29,(anonymous_2)
FN:53,(anonymous_3)
FN:59,(anonymous_4)
FN:73,(anonymous_5)
FN:80,(anonymous_6)
FN:80,(anonymous_7)
FN:90,(anonymous_8)
FN:107,(anonymous_9)
FN:114,(anonymous_10)
FNF:11
FNH:2
FNDA:1,(anonymous_0)
FNDA:0,(anonymous_1)
FNDA:0,(anonymous_2)
FNDA:0,(anonymous_3)
FNDA:0,(anonymous_4)
FNDA:0,(anonymous_5)
FNDA:0,(anonymous_6)
FNDA:0,(anonymous_7)
FNDA:0,(anonymous_8)
FNDA:0,(anonymous_9)
FNDA:1,(anonymous_10)
DA:15,1
DA:17,1
DA:26,0
DA:29,0
DA:31,0
DA:36,0
DA:37,0
DA:38,0
DA:44,0
DA:54,0
DA:56,0
DA:57,0
DA:59,0
DA:60,0
DA:75,0
DA:76,0
DA:79,0
DA:80,0
DA:82,0
DA:91,0
DA:93,0
DA:95,0
DA:96,0
DA:100,0
DA:108,0
DA:115,1
DA:126,1
LF:27
LH:4
BRDA:19,0,0,1
BRDA:19,0,1,0
BRDA:36,1,0,0
BRDA:36,1,1,0
BRDA:75,2,0,0
BRDA:75,2,1,0
BRDA:95,3,0,0
BRDA:95,3,1,0
BRF:8
BRH:1
end_of_record
TN:
SF:/home/jefferson/boilerplates/react-webpack/src/components/forms/FormGoup/InputField.js
FN:4,(anonymous_0)
FN:14,(anonymous_1)
FNF:2
FNH:1
FNDA:1,(anonymous_0)
FNDA:0,(anonymous_1)
DA:4,1
DA:6,1
DA:14,0
LF:3
LH:2
BRDA:8,0,0,1
BRDA:8,0,1,1
BRDA:10,1,0,1
BRDA:10,1,1,1
BRDA:11,2,0,1
BRDA:11,2,1,1
BRDA:14,3,0,0
BRDA:14,3,1,0
BRF:8
BRH:6
end_of_record
TN:
SF:/home/jefferson/boilerplates/react-webpack/src/components/forms/FormGoup/InputFieldArray.js
FN:6,(anonymous_0)
FN:10,(anonymous_1)
FN:28,(anonymous_2)
FN:38,(anonymous_3)
FN:40,(anonymous_4)
FN:43,(anonymous_5)
FN:46,(anonymous_6)
FN:54,(anonymous_7)
FN:64,(anonymous_8)
FN:66,(anonymous_9)
FN:69,(anonymous_10)
FN:74,(anonymous_11)
FNF:12
FNH:2
FNDA:0,(anonymous_0)
FNDA:0,(anonymous_1)
FNDA:0,(anonymous_2)
FNDA:0,(anonymous_3)
FNDA:0,(anonymous_4)
FNDA:0,(anonymous_5)
FNDA:0,(anonymous_6)
FNDA:1,(anonymous_7)
FNDA:0,(anonymous_8)
FNDA:0,(anonymous_9)
FNDA:0,(anonymous_10)
FNDA:1,(anonymous_11)
DA:7,0
DA:10,0
DA:11,0
DA:12,0
DA:14,0
DA:15,0
DA:21,0
DA:26,0
DA:40,0
DA:41,0
DA:43,0
DA:45,0
DA:56,1
DA:57,0
DA:60,1
DA:62,1
DA:65,0
DA:67,0
DA:69,0
DA:76,1
DA:83,1
LF:21
LH:5
BRDA:14,0,0,0
BRDA:14,0,1,0
BRDA:56,1,0,0
BRDA:56,1,1,1
BRDA:62,2,0,0
BRDA:62,2,1,1
BRDA:85,3,0,1
BRDA:85,3,1,1
BRF:8
BRH:4
end_of_record
TN:
SF:/home/jefferson/boilerplates/react-webpack/src/components/forms/FormGoup/InputFieldGroup.js
FN:8,(anonymous_0)
FN:21,(anonymous_1)
FN:26,(anonymous_2)
FN:36,(anonymous_3)
FN:41,(anonymous_4)
FN:44,(anonymous_5)
FNF:6
FNH:0
FNDA:0,(anonymous_0)
FNDA:0,(anonymous_1)
FNDA:0,(anonymous_2)
FNDA:0,(anonymous_3)
FNDA:0,(anonymous_4)
FNDA:0,(anonymous_5)
DA:10,0
DA:11,0
DA:12,0
DA:14,0
DA:22,0
DA:24,0
DA:38,0
DA:40,0
DA:42,0
DA:44,0
DA:47,0
LF:11
LH:0
BRDA:49,0,0,0
BRDA:49,0,1,0
BRF:2
BRH:0
end_of_record
TN:
SF:/home/jefferson/boilerplates/react-webpack/src/components/forms/FormGoup/utils/InputEventValue.js
FN:1,(anonymous_0)
FNF:1
FNH:0
FNDA:0,(anonymous_0)
DA:1,1
DA:2,0
DA:4,0
DA:5,0
DA:7,0
DA:11,0
LF:6
LH:1
BRDA:7,0,0,0
BRDA:7,0,1,0
BRF:2
BRH:0
end_of_record
