TN:
SF:/home/jefferson/boilerplates/react-webpack/enzyme.config.js
FNF:0
FNH:0
DA:5,9
LF:1
LH:1
BRF:0
BRH:0
end_of_record
TN:
SF:/home/jefferson/boilerplates/react-webpack/src/App.js
FN:16,(anonymous_0)
FN:28,(anonymous_1)
FN:35,(anonymous_2)
FN:50,(anonymous_3)
FN:56,(anonymous_4)
FN:67,(anonymous_5)
FNF:6
FNH:4
FNDA:1,(anonymous_0)
FNDA:1,(anonymous_1)
FNDA:1,(anonymous_2)
FNDA:1,(anonymous_3)
FNDA:0,(anonymous_4)
FNDA:0,(anonymous_5)
DA:17,1
DA:18,1
DA:29,1
DA:31,1
DA:37,1
DA:51,1
DA:53,1
DA:57,0
DA:67,0
LF:9
LH:7
BRDA:57,0,0,0
BRDA:57,0,1,0
BRF:2
BRH:0
end_of_record
TN:
SF:/home/jefferson/boilerplates/react-webpack/src/components/Reservation.js
FN:11,(anonymous_0)
FN:55,(anonymous_1)
FN:61,(anonymous_2)
FN:72,(anonymous_3)
FN:82,(anonymous_4)
FN:89,(anonymous_5)
FN:92,(anonymous_6)
FN:101,(anonymous_7)
FN:107,(anonymous_8)
FNF:9
FNH:0
FNDA:0,(anonymous_0)
FNDA:0,(anonymous_1)
FNDA:0,(anonymous_2)
FNDA:0,(anonymous_3)
FNDA:0,(anonymous_4)
FNDA:0,(anonymous_5)
FNDA:0,(anonymous_6)
FNDA:0,(anonymous_7)
FNDA:0,(anonymous_8)
DA:12,0
DA:14,0
DA:56,0
DA:57,0
DA:62,0
DA:64,0
DA:69,0
DA:73,0
DA:75,0
DA:79,0
DA:83,0
DA:90,0
DA:94,0
DA:102,0
DA:108,0
LF:15
LH:0
BRDA:64,0,0,0
BRDA:64,0,1,0
BRDA:75,1,0,0
BRDA:75,1,1,0
BRF:4
BRH:0
end_of_record
TN:
SF:/home/jefferson/boilerplates/react-webpack/src/components/forms/FormGoup/DebugForm.js
FN:3,(anonymous_0)
FNF:1
FNH:1
FNDA:1,(anonymous_0)
DA:3,1
DA:4,1
LF:2
LH:2
BRF:0
BRH:0
end_of_record
TN:
SF:/home/jefferson/boilerplates/react-webpack/src/components/forms/FormGoup/ErrorMessage.js
FN:4,(anonymous_0)
FNF:1
FNH:1
FNDA:20,(anonymous_0)
DA:4,4
DA:6,20
DA:8,20
LF:3
LH:3
BRDA:10,0,0,20
BRDA:10,0,1,1
BRDA:10,0,2,1
BRDA:10,0,3,1
BRF:4
BRH:4
end_of_record
TN:
SF:/home/jefferson/boilerplates/react-webpack/src/components/forms/FormGoup/Form.js
FN:3,(anonymous_0)
FNF:1
FNH:1
FNDA:19,(anonymous_0)
DA:3,4
DA:4,19
LF:2
LH:2
BRF:0
BRH:0
end_of_record
TN:
SF:/home/jefferson/boilerplates/react-webpack/src/components/forms/FormGoup/FormGoup.js
FN:14,(anonymous_0)
FN:25,(anonymous_1)
FN:29,(anonymous_2)
FN:53,(anonymous_3)
FN:59,(anonymous_4)
FN:73,(anonymous_5)
FN:80,(anonymous_6)
FN:80,(anonymous_7)
FN:90,(anonymous_8)
FN:107,(anonymous_9)
FN:114,(anonymous_10)
FNF:11
FNH:10
FNDA:9,(anonymous_0)
FNDA:6,(anonymous_1)
FNDA:6,(anonymous_2)
FNDA:2,(anonymous_3)
FNDA:2,(anonymous_4)
FNDA:3,(anonymous_5)
FNDA:1,(anonymous_6)
FNDA:1,(anonymous_7)
FNDA:2,(anonymous_8)
FNDA:0,(anonymous_9)
FNDA:18,(anonymous_10)
DA:15,9
DA:17,9
DA:26,6
DA:29,6
DA:31,6
DA:36,6
DA:37,1
DA:38,1
DA:44,5
DA:54,2
DA:56,2
DA:57,2
DA:59,2
DA:60,2
DA:75,3
DA:76,0
DA:79,3
DA:80,3
DA:82,3
DA:91,2
DA:93,2
DA:95,2
DA:96,1
DA:100,1
DA:108,0
DA:115,18
DA:126,3
LF:27
LH:25
BRDA:19,0,0,9
BRDA:19,0,1,0
BRDA:36,1,0,1
BRDA:36,1,1,5
BRDA:75,2,0,0
BRDA:75,2,1,3
BRDA:95,3,0,1
BRDA:95,3,1,1
BRF:8
BRH:6
end_of_record
TN:
SF:/home/jefferson/boilerplates/react-webpack/src/components/forms/FormGoup/InputField.js
FN:4,(anonymous_0)
FN:14,(anonymous_1)
FNF:2
FNH:2
FNDA:43,(anonymous_0)
FNDA:10,(anonymous_1)
DA:4,7
DA:6,43
DA:14,10
LF:3
LH:3
BRDA:8,0,0,43
BRDA:8,0,1,43
BRDA:10,1,0,43
BRDA:10,1,1,31
BRDA:11,2,0,43
BRDA:11,2,1,43
BRDA:14,3,0,10
BRDA:14,3,1,9
BRF:8
BRH:8
end_of_record
TN:
SF:/home/jefferson/boilerplates/react-webpack/src/components/forms/FormGoup/InputFieldArray.js
FN:6,(anonymous_0)
FN:10,(anonymous_1)
FN:28,(anonymous_2)
FN:38,(anonymous_3)
FN:40,(anonymous_4)
FN:43,(anonymous_5)
FN:46,(anonymous_6)
FN:54,(anonymous_7)
FN:64,(anonymous_8)
FN:66,(anonymous_9)
FN:69,(anonymous_10)
FN:74,(anonymous_11)
FNF:12
FNH:11
FNDA:2,(anonymous_0)
FNDA:4,(anonymous_1)
FNDA:0,(anonymous_2)
FNDA:6,(anonymous_3)
FNDA:18,(anonymous_4)
FNDA:18,(anonymous_5)
FNDA:4,(anonymous_6)
FNDA:22,(anonymous_7)
FNDA:12,(anonymous_8)
FNDA:28,(anonymous_9)
FNDA:28,(anonymous_10)
FNDA:22,(anonymous_11)
DA:7,2
DA:10,2
DA:11,4
DA:12,4
DA:14,4
DA:15,2
DA:21,2
DA:26,2
DA:40,6
DA:41,18
DA:43,18
DA:45,6
DA:56,22
DA:57,0
DA:60,22
DA:62,22
DA:65,12
DA:67,28
DA:69,28
DA:76,22
DA:83,22
LF:21
LH:20
BRDA:14,0,0,2
BRDA:14,0,1,2
BRDA:56,1,0,0
BRDA:56,1,1,22
BRDA:62,2,0,0
BRDA:62,2,1,22
BRDA:85,3,0,22
BRDA:85,3,1,22
BRF:8
BRH:6
end_of_record
TN:
SF:/home/jefferson/boilerplates/react-webpack/src/components/forms/FormGoup/InputFieldGroup.js
FN:8,(anonymous_0)
FN:21,(anonymous_1)
FN:26,(anonymous_2)
FN:36,(anonymous_3)
FN:41,(anonymous_4)
FN:44,(anonymous_5)
FNF:6
FNH:5
FNDA:4,(anonymous_0)
FNDA:4,(anonymous_1)
FNDA:0,(anonymous_2)
FNDA:4,(anonymous_3)
FNDA:8,(anonymous_4)
FNDA:8,(anonymous_5)
DA:10,4
DA:11,4
DA:12,4
DA:14,4
DA:22,4
DA:24,4
DA:38,4
DA:40,4
DA:42,8
DA:44,8
DA:47,4
LF:11
LH:11
BRDA:49,0,0,4
BRDA:49,0,1,4
BRF:2
BRH:2
end_of_record
TN:
SF:/home/jefferson/boilerplates/react-webpack/src/components/forms/FormGoup/utils/InputEventValue.js
FN:1,(anonymous_0)
FNF:1
FNH:1
FNDA:12,(anonymous_0)
DA:1,6
DA:2,12
DA:4,12
DA:5,12
DA:7,12
DA:11,12
LF:6
LH:6
BRDA:7,0,0,0
BRDA:7,0,1,12
BRF:2
BRH:1
end_of_record
